Info: Start Nativelink Simulation process
executing command line: ip-make-simscript --nativelink-mode --output-directory=374_Phase1_iputf_input --spd=D:/OneDrive/_SchoolStuff/Third Year/Second term/ELEC 374/Lab Project/Phase 1/ClockGenerator.spd 
Internal error: Failed to run ip-make-simscript: 2016.03.29.12:42:07 Error: Unrecognized switch <b>1</b>
2016.03.29.12:42:07 Error: Unrecognized switch <b>2</b>
2016.03.29.12:42:07 Error: Unrecognized switch <b>3</b>
2016.03.29.12:42:07 Error: Unrecognized switch <b>4</b>
2016.03.29.12:42:07 Error: Unrecognized switch <b>5</b>
Internal error: Failed to run ip-make-simscript: 2016.03.29.12:42:07 Error: Unrecognized switch <b>1</b>
2016.03.29.12:42:07 Error: Unrecognized switch <b>2</b>
2016.03.29.12:42:07 Error: Unrecognized switch <b>3</b>
2016.03.29.12:42:07 Error: Unrecognized switch <b>4</b>
2016.03.29.12:42:07 Error: Unrecognized switch <b>5</b>
Error: NativeLink simulation flow was NOT successful



================The following additional information is provided to help identify the cause of error while running nativelink scripts=================
Nativelink TCL script failed with errorCode:  1
Nativelink TCL script failed with errorInfo:  1
    (procedure "iputf_call_script_gen" line 25)
    invoked from within
"iputf_call_script_gen $spd_file_list"
    (procedure "iputf_setup_info" line 45)
    invoked from within
"iputf_setup_info"
    (procedure "run_eda_simulation_tool" line 178)
    invoked from within
"run_eda_simulation_tool eda_opts_hash"
