Flow report for 374_Phase1
Tue Mar 29 12:42:02 2016
Quartus II 64-Bit Version 13.1.4 Build 182 03/12/2014 SJ Web Edition


---------------------
; Table of Contents ;
---------------------
  1. Legal Notice
  2. Flow Summary
  3. Flow Settings
  4. Flow Non-Default Global Settings
  5. Flow Elapsed Time
  6. Flow OS Summary
  7. Flow Log
  8. Flow Messages
  9. Flow Suppressed Messages



----------------
; Legal Notice ;
----------------
Copyright (C) 1991-2014 Altera Corporation
Your use of Altera Corporation's design tools, logic functions 
and other software and tools, and its AMPP partner logic 
functions, and any output files from any of the foregoing 
(including device programming or simulation files), and any 
associated documentation or information are expressly subject 
to the terms and conditions of the Altera Program License 
Subscription Agreement, Altera MegaCore Function License 
Agreement, or other applicable license agreement, including, 
without limitation, that your use is for the sole purpose of 
programming logic devices manufactured by Altera and sold by 
Altera or its authorized distributors.  Please refer to the 
applicable agreement for further details.



+--------------------------------------------------------------------------+
; Flow Summary                                                             ;
+-----------------------------+--------------------------------------------+
; Flow Status                 ; Successful - Tue Mar 29 12:42:02 2016      ;
; Quartus II 64-Bit Version   ; 13.1.4 Build 182 03/12/2014 SJ Web Edition ;
; Revision Name               ; 374_Phase1                                 ;
; Top-level Entity Name       ; Datapath_3bus_tb                           ;
; Family                      ; Cyclone V                                  ;
; Device                      ; 5CSEMA5F31C6                               ;
; Timing Models               ; Final                                      ;
; Logic utilization (in ALMs) ; N/A until Partition Merge                  ;
; Total registers             ; N/A until Partition Merge                  ;
; Total pins                  ; N/A until Partition Merge                  ;
; Total virtual pins          ; N/A until Partition Merge                  ;
; Total block memory bits     ; N/A until Partition Merge                  ;
; Total PLLs                  ; N/A until Partition Merge                  ;
; Total DLLs                  ; N/A until Partition Merge                  ;
+-----------------------------+--------------------------------------------+


+-----------------------------------------+
; Flow Settings                           ;
+-------------------+---------------------+
; Option            ; Setting             ;
+-------------------+---------------------+
; Start date & time ; 03/29/2016 12:41:57 ;
; Main task         ; Compilation         ;
; Revision Name     ; 374_Phase1          ;
+-------------------+---------------------+


+---------------------------------------------------------------------------------------------------------------------------------------------------------+
; Flow Non-Default Global Settings                                                                                                                        ;
+---------------------------------------------------+---------------------------------------+--------------------+---------------------+------------------+
; Assignment Name                                   ; Value                                 ; Default Value      ; Entity Name         ; Section Id       ;
+---------------------------------------------------+---------------------------------------+--------------------+---------------------+------------------+
; COMPILER_SIGNATURE_ID                             ; 198695763045116.145926971708232       ; --                 ; --                  ; --               ;
; EDA_DESIGN_INSTANCE_NAME                          ; NA                                    ; --                 ; --                  ; Datapath_3bus_tb ;
; EDA_NATIVELINK_SIMULATION_TEST_BENCH              ; Datapath_3Bus_tb                      ; --                 ; --                  ; eda_simulation   ;
; EDA_OUTPUT_DATA_FORMAT                            ; Vhdl                                  ; --                 ; --                  ; eda_simulation   ;
; EDA_SIMULATION_TOOL                               ; ModelSim-Altera (VHDL)                ; <None>             ; --                  ; --               ;
; EDA_TEST_BENCH_ENABLE_STATUS                      ; TEST_BENCH_MODE                       ; --                 ; --                  ; eda_simulation   ;
; EDA_TEST_BENCH_FILE                               ; Datapath_3Bus_tb.vhd                  ; --                 ; --                  ; Datapath_3bus_tb ;
; EDA_TEST_BENCH_MODULE_NAME                        ; Datapath_3Bus_tb                      ; --                 ; --                  ; Datapath_3bus_tb ;
; EDA_TEST_BENCH_NAME                               ; Datapath_3Bus_tb                      ; --                 ; --                  ; eda_simulation   ;
; EDA_TEST_BENCH_RUN_SIM_FOR                        ; 0 ns                                  ; --                 ; --                  ; Datapath_3bus_tb ;
; IP_TOOL_ENV                                       ; mwpim                                 ; --                 ; ClockGenerator      ; --               ;
; IP_TOOL_ENV                                       ; mwpim                                 ; --                 ; ClockGenerator      ; --               ;
; IP_TOOL_ENV                                       ; mwpim                                 ; --                 ; ClockGenerator_0002 ; --               ;
; IP_TOOL_NAME                                      ; LPM_DIVIDE                            ; --                 ; --                  ; --               ;
; IP_TOOL_NAME                                      ; LPM_DIVIDE                            ; --                 ; --                  ; --               ;
; IP_TOOL_NAME                                      ; LPM_ADD_SUB                           ; --                 ; --                  ; --               ;
; IP_TOOL_NAME                                      ; LPM_CLSHIFT                           ; --                 ; --                  ; --               ;
; IP_TOOL_NAME                                      ; LPM_CLSHIFT                           ; --                 ; --                  ; --               ;
; IP_TOOL_NAME                                      ; LPM_CLSHIFT                           ; --                 ; --                  ; --               ;
; IP_TOOL_NAME                                      ; LPM_ADD_SUB                           ; --                 ; --                  ; --               ;
; IP_TOOL_NAME                                      ; LPM_CONSTANT                          ; --                 ; --                  ; --               ;
; IP_TOOL_NAME                                      ; LPM_ADD_SUB                           ; --                 ; --                  ; --               ;
; IP_TOOL_NAME                                      ; RAM: 1-PORT                           ; --                 ; --                  ; --               ;
; IP_TOOL_NAME                                      ; altera_pll                            ; --                 ; ClockGenerator      ; --               ;
; IP_TOOL_NAME                                      ; altera_pll                            ; --                 ; ClockGenerator      ; --               ;
; IP_TOOL_NAME                                      ; altera_pll                            ; --                 ; ClockGenerator_0002 ; --               ;
; IP_TOOL_VERSION                                   ; 13.1                                  ; --                 ; --                  ; --               ;
; IP_TOOL_VERSION                                   ; 13.1                                  ; --                 ; --                  ; --               ;
; IP_TOOL_VERSION                                   ; 13.1                                  ; --                 ; --                  ; --               ;
; IP_TOOL_VERSION                                   ; 13.1                                  ; --                 ; --                  ; --               ;
; IP_TOOL_VERSION                                   ; 13.1                                  ; --                 ; --                  ; --               ;
; IP_TOOL_VERSION                                   ; 13.1                                  ; --                 ; --                  ; --               ;
; IP_TOOL_VERSION                                   ; 13.1                                  ; --                 ; --                  ; --               ;
; IP_TOOL_VERSION                                   ; 13.1                                  ; --                 ; --                  ; --               ;
; IP_TOOL_VERSION                                   ; 13.1                                  ; --                 ; --                  ; --               ;
; IP_TOOL_VERSION                                   ; 13.1                                  ; --                 ; --                  ; --               ;
; IP_TOOL_VERSION                                   ; 13.1                                  ; --                 ; ClockGenerator      ; --               ;
; IP_TOOL_VERSION                                   ; 13.1                                  ; --                 ; ClockGenerator      ; --               ;
; IP_TOOL_VERSION                                   ; 13.1                                  ; --                 ; ClockGenerator_0002 ; --               ;
; MAX_CORE_JUNCTION_TEMP                            ; 85                                    ; --                 ; --                  ; --               ;
; MIN_CORE_JUNCTION_TEMP                            ; 0                                     ; --                 ; --                  ; --               ;
; MISC_FILE                                         ; SigDiv.cmp                            ; --                 ; --                  ; --               ;
; MISC_FILE                                         ; Div_inst.vhd                          ; --                 ; --                  ; --               ;
; MISC_FILE                                         ; Div.cmp                               ; --                 ; --                  ; --               ;
; MISC_FILE                                         ; AddSub.cmp                            ; --                 ; --                  ; --               ;
; MISC_FILE                                         ; Shifter.cmp                           ; --                 ; --                  ; --               ;
; MISC_FILE                                         ; ArithShift.cmp                        ; --                 ; --                  ; --               ;
; MISC_FILE                                         ; Rotator.cmp                           ; --                 ; --                  ; --               ;
; MISC_FILE                                         ; IncDec.cmp                            ; --                 ; --                  ; --               ;
; MISC_FILE                                         ; lpm_constant0.cmp                     ; --                 ; --                  ; --               ;
; MISC_FILE                                         ; lpm_add_sub1.cmp                      ; --                 ; --                  ; --               ;
; MISC_FILE                                         ; RamMemory.cmp                         ; --                 ; --                  ; --               ;
; MISC_FILE                                         ; ClockGenerator.cmp                    ; --                 ; --                  ; --               ;
; MISC_FILE                                         ; ClockGenerator_sim/ClockGenerator.vho ; --                 ; --                  ; --               ;
; OPTIMIZATION_TECHNIQUE                            ; Speed                                 ; Balanced           ; --                  ; --               ;
; OPTIMIZE_POWER_DURING_FITTING                     ; Off                                   ; Normal compilation ; --                  ; --               ;
; OPTIMIZE_POWER_DURING_SYNTHESIS                   ; Off                                   ; Normal compilation ; --                  ; --               ;
; OUTPUT_IO_TIMING_FAR_END_VMEAS                    ; Half Signal Swing                     ; --                 ; --                  ; --               ;
; OUTPUT_IO_TIMING_FAR_END_VMEAS                    ; Half Signal Swing                     ; --                 ; --                  ; --               ;
; OUTPUT_IO_TIMING_NEAR_END_VMEAS                   ; Half Vccio                            ; --                 ; --                  ; --               ;
; OUTPUT_IO_TIMING_NEAR_END_VMEAS                   ; Half Vccio                            ; --                 ; --                  ; --               ;
; PARTITION_COLOR                                   ; 16764057                              ; --                 ; Datapath_3Bus_tb    ; Top              ;
; PARTITION_FITTER_PRESERVATION_LEVEL               ; PLACEMENT_AND_ROUTING                 ; --                 ; Datapath_3Bus_tb    ; Top              ;
; PARTITION_NETLIST_TYPE                            ; SOURCE                                ; --                 ; Datapath_3Bus_tb    ; Top              ;
; PHYSICAL_SYNTHESIS_ASYNCHRONOUS_SIGNAL_PIPELINING ; On                                    ; Off                ; --                  ; --               ;
; PHYSICAL_SYNTHESIS_COMBO_LOGIC                    ; On                                    ; Off                ; --                  ; --               ;
; PHYSICAL_SYNTHESIS_COMBO_LOGIC_FOR_AREA           ; On                                    ; Off                ; --                  ; --               ;
; PHYSICAL_SYNTHESIS_EFFORT                         ; Extra                                 ; Normal             ; --                  ; --               ;
; PHYSICAL_SYNTHESIS_REGISTER_DUPLICATION           ; On                                    ; Off                ; --                  ; --               ;
; PHYSICAL_SYNTHESIS_REGISTER_RETIMING              ; On                                    ; Off                ; --                  ; --               ;
; POWER_BOARD_THERMAL_MODEL                         ; None (CONSERVATIVE)                   ; --                 ; --                  ; --               ;
; POWER_PRESET_COOLING_SOLUTION                     ; 23 MM HEAT SINK WITH 200 LFPM AIRFLOW ; --                 ; --                  ; --               ;
; PROJECT_OUTPUT_DIRECTORY                          ; output_files                          ; --                 ; --                  ; --               ;
; SMART_RECOMPILE                                   ; On                                    ; Off                ; --                  ; --               ;
; SPD_FILE                                          ; ClockGenerator.spd                    ; --                 ; --                  ; --               ;
; SYNTHESIS_ONLY_QIP                                ; On                                    ; --                 ; --                  ; --               ;
; TOP_LEVEL_ENTITY                                  ; Datapath_3Bus_tb                      ; 374_Phase1         ; --                  ; --               ;
; VHDL_SHOW_LMF_MAPPING_MESSAGES                    ; Off                                   ; --                 ; --                  ; --               ;
+---------------------------------------------------+---------------------------------------+--------------------+---------------------+------------------+


+----------------------------------------------------------------------------------------------------------------------------+
; Flow Elapsed Time                                                                                                          ;
+------------------------+--------------+-------------------------+---------------------+------------------------------------+
; Module Name            ; Elapsed Time ; Average Processors Used ; Peak Virtual Memory ; Total CPU Time (on all processors) ;
+------------------------+--------------+-------------------------+---------------------+------------------------------------+
; Analysis & Elaboration ; 00:00:05     ; 1.0                     ; 646 MB              ; 00:00:05                           ;
; Total                  ; 00:00:05     ; --                      ; --                  ; 00:00:05                           ;
+------------------------+--------------+-------------------------+---------------------+------------------------------------+


+-------------------------------------------------------------------------------------+
; Flow OS Summary                                                                     ;
+------------------------+------------------+-----------+------------+----------------+
; Module Name            ; Machine Hostname ; OS Name   ; OS Version ; Processor type ;
+------------------------+------------------+-----------+------------+----------------+
; Analysis & Elaboration ; mitchell-msi     ; Windows 7 ; 6.2        ; x86_64         ;
+------------------------+------------------+-----------+------------+----------------+


------------
; Flow Log ;
------------
quartus_map --read_settings_files=on --write_settings_files=off 374_Phase1 -c 374_Phase1 --analysis_and_elaboration



